1）Given two numbers, count bit difference.
2）Given matrix with 0s and 1s, count island. DFS and BFS.
3）Given weight graph, find shortest path from start to destination.
4) ood design bing page, system design search engine

1) LRU, LFU
2) 一道topo sort
3) string compression, 一道queue的题
4) bst balanced, given value may or may not exist in tree.

1) Binary tree boundary print => https://www.geeksforgeeks.org/boundary-traversal-of-binary-tree/
2) 给一堆integer pair，有交集的进行分组合并，求最终有多少组
3) 设计log monitor service + 链表奇偶重排
4) 给一个黑箱猜里面的数字大小，如数

1) Cycle in graph
2) Word Ladder / leetcode 127
3) Design Tic-Tac-Toe
4) Reverse string

// Luo Sen
1) Design a hashmap with O(1) deletion => the goal was design a data structure have O1 add remove and random remove
2) Find a missing number into an array
3) DFS tree recursion and recursion (parent node, first child and siblings)
4) Insert number into a linked list

// Luo Sen's friend
1) Sql question
2) Binary tree level print
3) Predecesssor and Successor of BST => https://www.geeksforgeeks.org/inorder-successor-in-binary-search-tree/
4) Front-end and implement a dictionary

1) path sum
2) https://leetcode.com/problems/ransom-note/

// Xi Lu
1) Least Common Ancestor
2) number to string: 123 -> one hundred and twenty three
3) max interval intersection
4) publish byte[] array with offset
