
https://leetcode.com/problems/word-break-ii/
https://leetcode.com/problems/word-search-ii/
https://leetcode.com/problems/word-ladder/
https://leetcode.com/problems/word-ladder-ii/
https://leetcode.com/problems/last-stone-weight/
https://leetcode.com/problems/next-permutation/
https://leetcode.com/problems/serialize-and-deserialize-binary-tree/
https://leetcode.com/problems/basic-calculator-iii/
https://leetcode.com/problems/concatenated-words/
https://leetcode.com/problems/snakes-and-ladders/
https://leetcode.com/problems/subtree-of-another-tree/
https://leetcode.com/problems/design-in-memory-file-system/
https://leetcode.com/problems/design-snake-game/
https://leetcode.com/problems/the-maze-ii/
https://leetcode.com/problems/two-sum-less-than-k/
https://leetcode.com/problems/lfu-cache/
https://leetcode.com/problems/jump-game-ii/
https://leetcode.com/problems/snakes-and-ladders/
https://leetcode.com/problems/minimum-cost-to-merge-stones/
https://leetcode.com/problems/critical-connections-in-a-network/
https://leetcode.com/problems/the-maze/
https://leetcode.com/problems/number-of-distinct-islands/
https://leetcode.com/problems/next-greater-element-ii/
https://leetcode.com/problems/all-nodes-distance-k-in-binary-tree/
https://leetcode.com/problems/next-greater-element-i/
https://leetcode.com/problems/maximum-product-of-three-numbers/
https://leetcode.com/problems/subarray-sum-equals-k/
https://leetcode.com/problems/longest-absolute-file-path/
https://leetcode.com/problems/find-k-closest-elements/
