https://leetcode.com/problems/longest-substring-without-repeating-characters/
https://leetcode.com/problems/median-of-two-sorted-arrays/
https://leetcode.com/problems/minimum-window-substring/
https://leetcode.com/problems/serialize-and-deserialize-binary-tree/
https://leetcode.com/problems/group-anagrams/
https://leetcode.com/problems/alien-dictionary/
https://leetcode.com/problems/decode-ways/
https://leetcode.com/problems/first-missing-positive/
https://leetcode.com/problems/find-median-from-data-stream/
https://leetcode.com/problems/word-ladder/
https://leetcode.com/problems/word-search-ii/
https://leetcode.com/problems/flatten-nested-list-iterator/
https://leetcode.com/problems/max-points-on-a-line/
https://leetcode.com/problems/count-of-smaller-numbers-after-self/
https://leetcode.com/problems/sort-list/
https://leetcode.com/problems/maximum-product-subarray/
https://leetcode.com/problems/evaluate-reverse-polish-notation/
https://leetcode.com/problems/sliding-window-maximum/
https://leetcode.com/problems/longest-increasing-subsequence/
https://leetcode.com/problems/longest-consecutive-sequence/
https://leetcode.com/problems/course-schedule-ii/

