Subdomain Visit Count [X]
Summary Ranges [x]
Basic Calculator [x]
Binary Tree Tilt [x]
Maximum Length of Repeated Subarray [x]
Merge k Sorted Lists [x]
Maximal Rectangle 
Shortest Word Distance III [x]
Design Hit Counter [x]
Moving Average from Data Stream [x]
Consecutive Numbers Sum [x]
Merge Two Sorted Lists [x]
Insert Delete GetRandom O(1) [x]
Serialize and Deserialize Binary Tree [x]
Intersection of Two Arrays [x]
Merge Sorted Array [x]
Find Pivot Index [x]
Subarray Sum Equals K [x]
Two Sum [x]
Robot Return to Origin [x]
Minimum Moves to Equal Array Elements [x]
Sum of Even Numbers After Queries
