**************************************************************************************
**
**
**           Linkedin Top questoins within 1 year with descending popularity
**
**
**************************************************************************************

364
Nested List Weight Sum II
244
Shortest Word Distance II
170
Two Sum III - Data structure design
272
Closest Binary Search Tree Value II
432
All O`one Data Structure
716
Max Stack
366
Find Leaves of Binary Tree
605
Can Place Flowers
339
Nested List Weight Sum
150
Evaluate Reverse Polish Notation
256
Paint House
68
Text Justification
243
Shortest Word Distance
156
Binary Tree Upside Down
65
Valid Number
235
Lowest Common Ancestor of a Binary Search Tree
205
Isomorphic Strings
254
Factor Combinations
297
Serialize and Deserialize Binary Tree
636
Exclusive Time of Functions
76
Minimum Window Substring
698
Partition to K Equal Sum Subsets
373
Find K Pairs with Smallest Sums
265
Paint House II
671
Second Minimum Node In a Binary Tree
273
Integer to English Words
53
Maximum Subarray
706
Design HashMap
152
Maximum Product Subarray
72
Edit Distance
611
Valid Triangle Number
380
Insert Delete GetRandom O(1)
730
Count Different Palindromic Subsequences
200
Number of Islands
50
Pow(x, n)
277
Find the Celebrity
547
Friend Circles
261
Graph Valid Tree
20
Valid Parentheses
655
Print Binary Tree
47
Permutations II
516
Longest Palindromic Subsequence
236
Lowest Common Ancestor of a Binary Tree
57
Insert Interval
102
Binary Tree Level Order Traversal
149
Max Points on a Line
127
Word Ladder
464
Can I Win
715
Range Module
460
LFU Cache
104
Maximum Depth of Binary Tree
46
Permutations
381
Insert Delete GetRandom O(1) - Duplicates allowed
322
Coin Change
341
Flatten Nested List Iterator
56
Merge Intervals
215
Kth Largest Element in an Array
103
Binary Tree Zigzag Level Order Traversal
451
Sort Characters By Frequency
1028
Recover a Tree From Preorder Traversal
744
Find Smallest Letter Greater Than Target
126
Word Ladder II
187
Repeated DNA Sequences
1148
Article Views I
1
Two Sum
450
Delete Node in a BST
528
Random Pick with Weight
69
Sqrt(x)
33
Search in Rotated Sorted Array
34
Find First and Last Position of Element in Sorted Array
349
Intersection of Two Arrays
367
Valid Perfect Square
160
Intersection of Two Linked Lists
323
Number of Connected Components in an Undirected Graph
833
Find And Replace in String
362
Design Hit Counter
8
String to Integer (atoi)
449
Serialize and Deserialize BST
39
Combination Sum
146
LRU Cache
384
Shuffle an Array
88
Merge Sorted Array
101
Symmetric Tree
412
Fizz Buzz
785
Is Graph Bipartite?
61
Rotate List
739
Daily Temperatures
692
Top K Frequent Words
113
Path Sum II
23
Merge k Sorted Lists
40
Combination Sum II
142
Linked List Cycle II
173
Binary Search Tree Iterator
12
Integer to Roman
350
Intersection of Two Arrays II
54
Spiral Matrix
347
Top K Frequent Elements
973
K Closest Points to Origin
100
Same Tree
155
Min Stack
198
House Robber
125
Valid Palindrome
141
Linked List Cycle