**************************************************************************************
**
**
**           Pinterest Top questoins within 1 year with descending popularity
**
**
**************************************************************************************

759
Employee Free Time
277
Find the Celebrity
811
Subdomain Visit Count
770
Basic Calculator IV
269
Alien Dictionary
224
Basic Calculator
632
Smallest Range Covering Elements from K Lists
564
Find the Closest Palindrome
460
LFU Cache
362
Design Hit Counter
718
Maximum Length of Repeated Subarray
726
Number of Atoms
146
LRU Cache
202
Happy Number
772
Basic Calculator III
103
Binary Tree Zigzag Level Order Traversal
392
Is Subsequence
126
Word Ladder II
158
Read N Characters Given Read4 II - Call multiple times
49
Group Anagrams
428
Serialize and Deserialize N-ary Tree
295
Find Median from Data Stream
17
Letter Combinations of a Phone Number
79
Word Search
36
Valid Sudoku
140
Word Break II
200
Number of Islands
91
Decode Ways
139
Word Break
236
Lowest Common Ancestor of a Binary Tree
239
Sliding Window Maximum
3
Longest Substring Without Repeating Characters
14
Longest Common Prefix
571
Find Median Given Frequency of Numbers
720
Longest Word in Dictionary