**************************************************************************************
**
**
**           Amazon Top questoins within 1 year with descending popularity
**
**
**************************************************************************************

973
K Closest Points to Origin
937
Reorder Data in Log Files
1
Two Sum
146
LRU Cache
200
Number of Islands
5
Longest Palindromic Substring
819
Most Common Word
138
Copy List with Random Pointer
957
Prison Cells After N Days
103
Binary Tree Zigzag Level Order Traversal
42
Trapping Rain Water
295
Find Median from Data Stream
909
Snakes and Ladders
297
Serialize and Deserialize Binary Tree
763
Partition Labels
23
Merge k Sorted Lists
348
Design Tic-Tac-Toe
472
Concatenated Words
127
Word Ladder
126
Word Ladder II
675
Cut Off Trees for Golf Event
139
Word Break
545
Boundary of Binary Tree
642
Design Search Autocomplete System
207
Course Schedule
21
Merge Two Sorted Lists
2
Add Two Numbers
212
Word Search II
253
Meeting Rooms II
165
Compare Version Numbers
341
Flatten Nested List Iterator
273
Integer to English Words
269
Alien Dictionary
1000
Minimum Cost to Merge Stones
49
Group Anagrams
155
Min Stack
505
The Maze II
15
3Sum
772
Basic Calculator III
45
Jump Game II
895
Maximum Frequency Stack
121
Best Time to Buy and Sell Stock
703
Kth Largest Element in a Stream
20
Valid Parentheses
387
First Unique Character in a String
588
Design In-Memory File System
140
Word Break II
347
Top K Frequent Elements
33
Search in Rotated Sorted Array
206
Reverse Linked List
490
The Maze
124
Binary Tree Maximum Path Sum
76
Minimum Window Substring
863
All Nodes Distance K in Binary Tree
239
Sliding Window Maximum
572
Subtree of Another Tree
56
Merge Intervals
353
Design Snake Game
314
Binary Tree Vertical Order Traversal
12
Integer to Roman
238
Product of Array Except Self
284
Peeking Iterator
692
Top K Frequent Words
380
Insert Delete GetRandom O(1)
79
Word Search
3
Longest Substring Without Repeating Characters
543
Diameter of Binary Tree
4
Median of Two Sorted Arrays
102
Binary Tree Level Order Traversal
53
Maximum Subarray
362
Design Hit Counter
340
Longest Substring with At Most K Distinct Characters
289
Game of Life
980
Unique Paths III
17
Letter Combinations of a Phone Number
449
Serialize and Deserialize BST
694
Number of Distinct Islands
460
LFU Cache
322
Coin Change
653
Two Sum IV - Input is a BST
770
Basic Calculator IV
695
Max Area of Island
733
Flood Fill
540
Single Element in a Sorted Array
992
Subarrays with K Different Integers
994
Rotting Oranges
503
Next Greater Element II
983
Minimum Cost For Tickets
252
Meeting Rooms
993
Cousins in Binary Tree
716
Max Stack
48
Rotate Image
57
Insert Interval
997
Find the Town Judge
240
Search a 2D Matrix II
210
Course Schedule II
787
Cheapest Flights Within K Stops
1046
Last Stone Weight
64
Minimum Path Sum
417
Pacific Atlantic Water Flow
98
Validate Binary Search Tree
117
Populating Next Right Pointers in Each Node II
22
Generate Parentheses
706
Design HashMap
62
Unique Paths
373
Find K Pairs with Smallest Sums
388
Longest Absolute File Path
556
Next Greater Element III
346
Moving Average from Data Stream
516
Longest Palindromic Subsequence
496
Next Greater Element I
564
Find the Closest Palindrome
560
Subarray Sum Equals K
658
Find K Closest Elements
25
Reverse Nodes in k-Group
215
Kth Largest Element in an Array
1099
Two Sum Less Than K
116
Populating Next Right Pointers in Each Node
185
Department Top Three Salaries
323
Number of Connected Components in an Undirected Graph
13
Roman to Integer
759
Employee Free Time
943
Find the Shortest Superstring
11
Container With Most Water
268
Missing Number
384
Shuffle an Array
489
Robot Room Cleaner
208
Implement Trie (Prefix Tree)
105
Construct Binary Tree from Preorder and Inorder Traversal
333
Largest BST Subtree
1062
Longest Repeating Substring
93
Restore IP Addresses
528
Random Pick with Weight
1044
Longest Duplicate Substring
815
Bus Routes
30
Substring with Concatenation of All Words
133
Clone Graph
710
Random Pick with Blacklist
430
Flatten a Multilevel Doubly Linked List
1091
Shortest Path in Binary Matrix
167
Two Sum II - Input array is sorted
394
Decode String
628
Maximum Product of Three Numbers
767
Reorganize String
225
Implement Stack using Queues
378
Kth Smallest Element in a Sorted Matrix
636
Exclusive Time of Functions
55
Jump Game
227
Basic Calculator II
635
Design Log Storage System
199
Binary Tree Right Side View
285
Inorder Successor in BST
221
Maximal Square
300
Longest Increasing Subsequence
149
Max Points on a Line
8
String to Integer (atoi)
236
Lowest Common Ancestor of a Binary Tree
211
Add and Search Word - Data structure design
164
Maximum Gap
188
Best Time to Buy and Sell Stock IV
773
Sliding Puzzle
86
Partition List
78
Subsets
159
Longest Substring with At Most Two Distinct Characters
900
RLE Iterator
134
Gas Station
525
Contiguous Array
16
3Sum Closest
63
Unique Paths II
298
Binary Tree Longest Consecutive Sequence
438
Find All Anagrams in a String
843
Guess the Word
1022
Sum of Root To Leaf Binary Numbers
508
Most Frequent Subtree Sum
518
Coin Change 2
349
Intersection of Two Arrays
153
Find Minimum in Rotated Sorted Array
106
Construct Binary Tree from Inorder and Postorder Traversal
286
Walls and Gates
662
Maximum Width of Binary Tree
283
Move Zeroes
113
Path Sum II
535
Encode and Decode TinyURL
228
Summary Ranges
36
Valid Sudoku
39
Combination Sum
312
Burst Balloons
224
Basic Calculator
99
Recover Binary Search Tree
46
Permutations
361
Bomb Enemy
150
Evaluate Reverse Polish Notation
287
Find the Duplicate Number
50
Pow(x, n)
277
Find the Celebrity
1086
High Five
432
All O`one Data Structure
399
Evaluate Division
827
Making A Large Island
71
Simplify Path
174
Dungeon Game
28
Implement strStr()
1026
Maximum Difference Between Node and Ancestor
445
Add Two Numbers II
91
Decode Ways
32
Longest Valid Parentheses
24
Swap Nodes in Pairs
173
Binary Search Tree Iterator
1024
Video Stitching
403
Frog Jump
529
Minesweeper
317
Shortest Distance from All Buildings
14
Longest Common Prefix
129
Sum Root to Leaf Numbers
6
ZigZag Conversion
726
Number of Atoms
538
Convert BST to Greater Tree
1010
Pairs of Songs With Total Durations Divisible by 60
640
Solve the Equation
541
Reverse String II
123
Best Time to Buy and Sell Stock III
785
Is Graph Bipartite?
397
Integer Replacement
919
Complete Binary Tree Inserter
1104
Path In Zigzag Labelled Binary Tree
542
01 Matrix
986
Interval List Intersections
498
Diagonal Traverse
301
Remove Invalid Parentheses
135
Candy
929
Unique Email Addresses
122
Best Time to Buy and Sell Stock II
981
Time Based Key-Value Store
305
Number of Islands II
366
Find Leaves of Binary Tree
729
My Calendar I
10
Regular Expression Matching
40
Combination Sum II
329
Longest Increasing Path in a Matrix
169
Majority Element
463
Island Perimeter
336
Palindrome Pairs
428
Serialize and Deserialize N-ary Tree
732
My Calendar III
260
Single Number III
270
Closest Binary Search Tree Value
352
Data Stream as Disjoint Intervals
708
Insert into a Cyclic Sorted List
847
Shortest Path Visiting All Nodes
205
Isomorphic Strings
162
Find Peak Element
68
Text Justification
402
Remove K Digits
7
Reverse Integer
1019
Next Greater Node In Linked List
31
Next Permutation
442
Find All Duplicates in an Array
88
Merge Sorted Array
234
Palindrome Linked List
101
Symmetric Tree
739
Daily Temperatures
652
Find Duplicate Subtrees
794
Valid Tic-Tac-Toe State
325
Maximum Size Subarray Sum Equals k
41
First Missing Positive
218
The Skyline Problem
59
Spiral Matrix II
332
Reconstruct Itinerary
267
Palindrome Permutation II
109
Convert Sorted List to Binary Search Tree
381
Insert Delete GetRandom O(1) - Duplicates allowed
97
Interleaving String
1074
Number of Submatrices That Sum to Target
409
Longest Palindrome
233
Number of Digit One
507
Perfect Number
743
Network Delay Time
114
Flatten Binary Tree to Linked List
83
Remove Duplicates from Sorted List
369
Plus One Linked List
1083
Sales Analysis II
742
Closest Leaf in a Binary Tree
904
Fruit Into Baskets
120
Triangle
214
Shortest Palindrome
84
Largest Rectangle in Histogram
192
Word Frequency
37
Sudoku Solver
54
Spiral Matrix
178
Rank Scores
108
Convert Sorted Array to Binary Search Tree
1135
Connecting Cities With Minimum Cost
358
Rearrange String k Distance Apart
547
Friend Circles
94
Binary Tree Inorder Traversal
176
Second Highest Salary
136
Single Number
1023
Camelcase Matching
1066
Campus Bikes II
230
Kth Smallest Element in a BST
727
Minimum Window Subsequence
647
Palindromic Substrings
281
Zigzag Iterator
90
Subsets II
688
Knight Probability in Chessboard
92
Reverse Linked List II
637
Average of Levels in Binary Tree
611
Valid Triangle Number
328
Odd Even Linked List
783
Minimum Distance Between BST Nodes
966
Vowel Spellchecker
261
Graph Valid Tree
1120
Maximum Average Subtree
279
Perfect Squares
702
Search in a Sorted Array of Unknown Size
741
Cherry Pickup
622
Design Circular Queue
74
Search a 2D Matrix
1155
Number of Dice Rolls With Target Sum
435
Non-overlapping Intervals
34
Find First and Last Position of Element in Sorted Array
978
Longest Turbulent Subarray
175
Combine Two Tables
152
Maximum Product Subarray
854
K-Similar Strings
559
Maximum Depth of N-ary Tree
243
Shortest Word Distance
143
Reorder List
81
Search in Rotated Sorted Array II
344
Reverse String
70
Climbing Stairs
9
Palindrome Number
942
DI String Match
731
My Calendar II
987
Vertical Order Traversal of a Binary Tree
235
Lowest Common Ancestor of a Binary Search Tree
161
One Edit Distance
406
Queue Reconstruction by Height
678
Valid Parenthesis String
450
Delete Node in a BST
189
Rotate Array
148
Sort List
272
Closest Binary Search Tree Value II
151
Reverse Words in a String
69
Sqrt(x)
621
Task Scheduler
100
Same Tree
426
Convert Binary Search Tree to Sorted Doubly Linked List
480
Sliding Window Median
19
Remove Nth Node From End of List
264
Ugly Number II
376
Wiggle Subsequence
128
Longest Consecutive Sequence
266
Palindrome Permutation
1038
Binary Search Tree to Greater Sum Tree
60
Permutation Sequence
412
Fizz Buzz
96
Unique Binary Search Trees
720
Longest Word in Dictionary
280
Wiggle Sort
85
Maximal Rectangle
452
Minimum Number of Arrows to Burst Balloons
198
House Robber
337
House Robber III
1167
Minimum Cost to Connect Sticks
609
Find Duplicate File in System
18
4Sum
137
Single Number II
1122
Relative Sort Array
350
Intersection of Two Arrays II
226
Invert Binary Tree
141
Linked List Cycle
112
Path Sum
581
Shortest Unsorted Continuous Subarray
179
Largest Number
250
Count Univalue Subtrees
316
Remove Duplicate Letters
771
Jewels and Stones
75
Sort Colors
177
Nth Highest Salary
142
Linked List Cycle II
654
Maximum Binary Tree
203
Remove Linked List Elements
1094
Car Pooling
47
Permutations II
145
Binary Tree Postorder Traversal
232
Implement Queue using Stacks
51
N-Queens
1047
Remove All Adjacent Duplicates In String
443
String Compression
1004
Max Consecutive Ones III
244
Shortest Word Distance II
115
Distinct Subsequences
395
Longest Substring with At Least K Repeating Characters
797
All Paths From Source to Target
204
Count Primes
437
Path Sum III
242
Valid Anagram
1029
Two City Scheduling
241
Different Ways to Add Parentheses
181
Employees Earning More Than Their Managers
110
Balanced Binary Tree
209
Minimum Size Subarray Sum
104
Maximum Depth of Binary Tree
125
Valid Palindrome
951
Flip Equivalent Binary Trees
532
K-diff Pairs in an Array
509
Fibonacci Number
791
Custom Sort String
160
Intersection of Two Linked Lists
257
Binary Tree Paths
938
Range Sum of BST
687
Longest Univalue Path
72
Edit Distance
377
Combination Sum IV
1192
Critical Connections in a Network
163
Missing Ranges
166
Fraction to Recurring Decimal
811
Subdomain Visit Count
359
Logger Rate Limiter
905
Sort Array By Parity
309
Best Time to Buy and Sell Stock with Cooldown
429
N-ary Tree Level Order Traversal
404
Sum of Left Leaves
807
Max Increase to Keep City Skyline
567
Permutation in String
217
Contains Duplicate
451
Sort Characters By Frequency
979
Distribute Coins in Binary Tree
229
Majority Element II
66
Plus One
315
Count of Smaller Numbers After Self
29
Divide Two Integers
131
Palindrome Partitioning
304
Range Sum Query 2D - Immutable
1051
Height Checker
299
Bulls and Cows
118
Pascal's Triangle
67
Add Binary
1114
Print in Order
977
Squares of a Sorted Array
701
Insert into a Binary Search Tree
190
Reverse Bits
290
Word Pattern
231
Power of Two
130
Surrounded Regions
416
Partition Equal Subset Sum
183
Customers Who Never Order
119
Pascal's Triangle II
171
Excel Sheet Column Number
852
Peak Index in a Mountain Array
61
Rotate List
561
Array Partition I
222
Count Complete Tree Nodes
191
Number of 1 Bits
617
Merge Two Binary Trees
38
Count and Say
111
Minimum Depth of Binary Tree
202
Happy Number
35
Search Insert Position
27
Remove Element