**************************************************************************************
**
**
**           Google Top questoins within 1 year with descending popularity
**
**
**************************************************************************************

904
Fruit Into Baskets
929
Unique Email Addresses
975
Odd Even Jump
482
License Key Formatting
844
Backspace String Compare
399
Evaluate Division
410
Split Array Largest Sum
857
Minimum Cost to Hire K Workers
843
Guess the Word
947
Most Stones Removed with Same Row or Column
1
Two Sum
159
Longest Substring with At Most Two Distinct Characters
222
Count Complete Tree Nodes
777
Swap Adjacent in LR String
939
Minimum Area Rectangle
681
Next Closest Time
489
Robot Room Cleaner
833
Find And Replace in String
308
Range Sum Query 2D - Mutable
736
Parse Lisp Expression
248
Strobogrammatic Number III
753
Cracking the Safe
158
Read N Characters Given Read4 II - Call multiple times
642
Design Search Autocomplete System
900
RLE Iterator
803
Bricks Falling When Hit
253
Meeting Rooms II
837
New 21 Game
809
Expressive Words
731
My Calendar II
299
Bulls and Cows
1057
Campus Bikes
527
Word Abbreviation
727
Minimum Window Subsequence
1007
Minimum Domino Rotations For Equal Row
562
Longest Line of Consecutive One in Matrix
679
24 Game
913
Cat and Mouse
849
Maximize Distance to Closest Person
205
Isomorphic Strings
475
Heaters
683
K Empty Slots
524
Longest Word in Dictionary through Deleting
943
Find the Shortest Superstring
247
Strobogrammatic Number II
56
Merge Intervals
457
Circular Array Loop
200
Number of Islands
359
Logger Rate Limiter
850
Rectangle Area II
911
Online Election
818
Race Car
329
Longest Increasing Path in a Matrix
528
Random Pick with Weight
315
Count of Smaller Numbers After Self
135
Candy
394
Decode String
465
Optimal Account Balancing
659
Split Array into Consecutive Subsequences
767
Reorganize String
1096
Brace Expansion II
963
Minimum Area Rectangle II
734
Sentence Similarity
353
Design Snake Game
163
Missing Ranges
951
Flip Equivalent Binary Trees
640
Solve the Equation
774
Minimize Max Distance to Gas Station
271
Encode and Decode Strings
363
Max Sum of Rectangle No Larger Than K
288
Unique Word Abbreviation
157
Read N Characters Given Read4
750
Number Of Corner Rectangles
799
Champagne Tower
246
Strobogrammatic Number
846
Hand of Straights
42
Trapping Rain Water
68
Text Justification
354
Russian Doll Envelopes
616
Add Bold Tag in String
2
Add Two Numbers
737
Sentence Similarity II
340
Longest Substring with At Most K Distinct Characters
418
Sentence Screen Fitting
702
Search in a Sorted Array of Unknown Size
920
Number of Music Playlists
708
Insert into a Cyclic Sorted List
4
Median of Two Sorted Arrays
57
Insert Interval
694
Number of Distinct Islands
317
Shortest Distance from All Buildings
552
Student Attendance Record II
770
Basic Calculator IV
686
Repeated String Match
380
Insert Delete GetRandom O(1)
1011
Capacity To Ship Packages Within D Days
1055
Shortest Way to Form String
76
Minimum Window Substring
685
Redundant Connection II
723
Candy Crush
346
Moving Average from Data Stream
981
Time Based Key-Value Store
788
Rotated Digits
284
Peeking Iterator
710
Random Pick with Blacklist
729
My Calendar I
187
Repeated DNA Sequences
743
Network Delay Time
403
Frog Jump
772
Basic Calculator III
853
Car Fleet
941
Valid Mountain Array
208
Implement Trie (Prefix Tree)
34
Find First and Last Position of Element in Sorted Array
936
Stamping The Sequence
845
Longest Mountain in Array
1066
Campus Bikes II
124
Binary Tree Maximum Path Sum
146
LRU Cache
544
Output Contest Matches
684
Redundant Connection
379
Design Phone Directory
800
Similar RGB Color
269
Alien Dictionary
471
Encode String with Shortest Length
776
Split BST
3
Longest Substring Without Repeating Characters
493
Reverse Pairs
128
Longest Consecutive Sequence
347
Top K Frequent Elements
889
Construct Binary Tree from Preorder and Postorder Traversal
334
Increasing Triplet Subsequence
43
Multiply Strings
221
Maximal Square
239
Sliding Window Maximum
444
Sequence Reconstruction
370
Range Addition
1087
Brace Expansion
31
Next Permutation
973
K Closest Points to Origin
1032
Stream of Characters
85
Maximal Rectangle
855
Exam Room
497
Random Point in Non-overlapping Rectangles
298
Binary Tree Longest Consecutive Sequence
591
Tag Validator
688
Knight Probability in Chessboard
361
Bomb Enemy
295
Find Median from Data Stream
139
Word Break
739
Daily Temperatures
280
Wiggle Sort
568
Maximum Vacation Days
261
Graph Valid Tree
1153
String Transforms Into Another String
398
Random Pick Index
150
Evaluate Reverse Polish Notation
55
Jump Game
715
Range Module
360
Sort Transformed Array
484
Find Permutation
127
Word Ladder
140
Word Break II
724
Find Pivot Index
332
Reconstruct Itinerary
249
Group Shifted Strings
660
Remove 9
852
Peak Index in a Mountain Array
766
Toeplitz Matrix
210
Course Schedule II
224
Basic Calculator
792
Number of Matching Subsequences
155
Min Stack
635
Design Log Storage System
926
Flip String to Monotone Increasing
285
Inorder Successor in BST
305
Number of Islands II
126
Word Ladder II
549
Binary Tree Longest Consecutive Sequence II
97
Interleaving String
149
Max Points on a Line
165
Compare Version Numbers
428
Serialize and Deserialize N-ary Tree
765
Couples Holding Hands
498
Diagonal Traverse
433
Minimum Genetic Mutation
302
Smallest Rectangle Enclosing Black Pixels
695
Max Area of Island
742
Closest Leaf in a Binary Tree
66
Plus One
213
House Robber II
518
Coin Change 2
835
Image Overlap
1110
Delete Nodes And Return Forest
375
Guess Number Higher or Lower II
771
Jewels and Stones
23
Merge k Sorted Lists
37
Sudoku Solver
358
Rearrange String k Distance Apart
310
Minimum Height Trees
351
Android Unlock Patterns
940
Distinct Subsequences II
381
Insert Delete GetRandom O(1) - Duplicates allowed
722
Remove Comments
41
First Missing Positive
281
Zigzag Iterator
386
Lexicographical Numbers
44
Wildcard Matching
297
Serialize and Deserialize Binary Tree
277
Find the Celebrity
17
Letter Combinations of a Phone Number
212
Word Search II
215
Kth Largest Element in an Array
551
Student Attendance Record I
218
The Skyline Problem
815
Bus Routes
836
Rectangle Overlap
636
Exclusive Time of Functions
987
Vertical Order Traversal of a Binary Tree
166
Fraction to Recurring Decimal
138
Copy List with Random Pointer
304
Range Sum Query 2D - Immutable
558
Quad Tree Intersection
406
Queue Reconstruction by Height
745
Prefix and Suffix Search
300
Longest Increasing Subsequence
162
Find Peak Element
152
Maximum Product Subarray
1145
Binary Tree Coloring Game
894
All Possible Full Binary Trees
424
Longest Repeating Character Replacement
109
Convert Sorted List to Binary Search Tree
132
Palindrome Partitioning II
54
Spiral Matrix
20
Valid Parentheses
802
Find Eventual Safe States
834
Sum of Distances in Tree
38
Count and Say
273
Integer to English Words
871
Minimum Number of Refueling Stops
287
Find the Duplicate Number
464
Can I Win
91
Decode Ways
543
Diameter of Binary Tree
241
Different Ways to Add Parentheses
117
Populating Next Right Pointers in Each Node II
5
Longest Palindromic Substring
817
Linked List Components
53
Maximum Subarray
440
K-th Smallest in Lexicographical Order
366
Find Leaves of Binary Tree
505
The Maze II
662
Maximum Width of Binary Tree
121
Best Time to Buy and Sell Stock
979
Distribute Coins in Binary Tree
769
Max Chunks To Make Sorted
407
Trapping Rain Water II
935
Knight Dialer
69
Sqrt(x)
732
My Calendar III
914
X of a Kind in a Deck of Cards
773
Sliding Puzzle
312
Burst Balloons
480
Sliding Window Median
318
Maximum Product of Word Lengths
171
Excel Sheet Column Number
87
Scramble String
385
Mini Parser
839
Similar String Groups
266
Palindrome Permutation
490
The Maze
540
Single Element in a Sorted Array
1036
Escape a Large Maze
72
Edit Distance
692
Top K Frequent Words
668
Kth Smallest Number in Multiplication Table
333
Largest BST Subtree
45
Jump Game II
279
Perfect Squares
564
Find the Closest Palindrome
79
Word Search
1091
Shortest Path in Binary Matrix
1170
Compare Strings by Frequency of the Smallest Character
18
4Sum
840
Magic Squares In Grid
378
Kth Smallest Element in a Sorted Matrix
450
Delete Node in a BST
510
Inorder Successor in BST II
341
Flatten Nested List Iterator
250
Count Univalue Subtrees
30
Substring with Concatenation of All Words
316
Remove Duplicate Letters
768
Max Chunks To Make Sorted II
130
Surrounded Regions
416
Partition Equal Subset Sum
283
Move Zeroes
529
Minesweeper
887
Super Egg Drop
950
Reveal Cards In Increasing Order
1146
Snapshot Array
968
Binary Tree Cameras
242
Valid Anagram
133
Clone Graph
621
Task Scheduler
50
Pow(x, n)
337
House Robber III
296
Best Meeting Point
459
Repeated Substring Pattern
714
Best Time to Buy and Sell Stock with Transaction Fee
451
Sort Characters By Frequency
890
Find and Replace Pattern
630
Course Schedule III
137
Single Number II
392
Is Subsequence
463
Island Perimeter
274
H-Index
282
Expression Add Operators
801
Minimum Swaps To Make Sequences Increasing
1000
Minimum Cost to Merge Stones
322
Coin Change
168
Excel Sheet Column Title
64
Minimum Path Sum
632
Smallest Range Covering Elements from K Lists
110
Balanced Binary Tree
211
Add and Search Word - Data structure design
741
Cherry Pickup
622
Design Circular Queue
101
Symmetric Tree
1048
Longest String Chain
185
Department Top Three Salaries
934
Shortest Bridge
1024
Video Stitching
15
3Sum
365
Water and Jug Problem
460
LFU Cache
33
Search in Rotated Sorted Array
116
Populating Next Right Pointers in Each Node
881
Boats to Save People
228
Summary Ranges
232
Implement Queue using Stacks
1047
Remove All Adjacent Duplicates In String
780
Reaching Points
572
Subtree of Another Tree
307
Range Sum Query - Mutable
207
Course Schedule
698
Partition to K Equal Sum Subsets
198
House Robber
350
Intersection of Two Arrays II
63
Unique Paths II
785
Is Graph Bipartite?
243
Shortest Word Distance
265
Paint House II
841
Keys and Rooms
81
Search in Rotated Sorted Array II
268
Missing Number
504
Base 7
206
Reverse Linked List
22
Generate Parentheses
98
Validate Binary Search Tree
759
Employee Free Time
26
Remove Duplicates from Sorted Array
259
3Sum Smaller
830
Positions of Large Groups
84
Largest Rectangle in Histogram
105
Construct Binary Tree from Preorder and Inorder Traversal
161
One Edit Distance
348
Design Tic-Tac-Toe
77
Combinations
62
Unique Paths
188
Best Time to Buy and Sell Stock IV
426
Convert Binary Search Tree to Sorted Doubly Linked List
811
Subdomain Visit Count
382
Linked List Random Node
438
Find All Anagrams in a String
7
Reverse Integer
278
First Bad Version
794
Valid Tic-Tac-Toe State
486
Predict the Winner
195
Tenth Line
404
Sum of Left Leaves
468
Validate IP Address
496
Next Greater Element I
609
Find Duplicate File in System
35
Search Insert Position
933
Number of Recent Calls
931
Minimum Falling Path Sum
14
Longest Common Prefix
977
Squares of a Sorted Array
311
Sparse Matrix Multiplication
229
Majority Element II
21
Merge Two Sorted Lists
238
Product of Array Except Self
48
Rotate Image
167
Two Sum II - Input array is sorted
252
Meeting Rooms
173
Binary Search Tree Iterator
980
Unique Paths III
19
Remove Nth Node From End of List
131
Palindrome Partitioning
236
Lowest Common Ancestor of a Binary Tree
129
Sum Root to Leaf Numbers
821
Shortest Distance to a Character
100
Same Tree
417
Pacific Atlantic Water Flow
36
Valid Sudoku
419
Battleships in a Board
395
Longest Substring with At Least K Repeating Characters
230
Kth Smallest Element in a BST
503
Next Greater Element II
373
Find K Pairs with Smallest Sums
388
Longest Absolute File Path
986
Interval List Intersections
344
Reverse String
362
Design Hit Counter
965
Univalued Binary Tree
231
Power of Two
301
Remove Invalid Parentheses
16
3Sum Closest
122
Best Time to Buy and Sell Stock II
713
Subarray Product Less Than K
120
Triangle
46
Permutations
104
Maximum Depth of Binary Tree
787
Cheapest Flights Within K Stops
11
Container With Most Water
148
Sort List
289
Game of Life
125
Valid Palindrome
336
Palindrome Pairs
535
Encode and Decode TinyURL
175
Combine Two Tables
49
Group Anagrams
99
Recover Binary Search Tree
747
Largest Number At Least Twice of Others
560
Subarray Sum Equals K
28
Implement strStr()
647
Palindromic Substrings
917
Reverse Only Letters
328
Odd Even Linked List
103
Binary Tree Zigzag Level Order Traversal
1165
Single-Row Keyboard
448
Find All Numbers Disappeared in an Array
74
Search a 2D Matrix
191
Number of 1 Bits
39
Combination Sum
169
Majority Element
674
Longest Continuous Increasing Subsequence
721
Accounts Merge
70
Climbing Stairs
78
Subsets
32
Longest Valid Parentheses
387
First Unique Character in a String
542
01 Matrix
414
Third Maximum Number
958
Check Completeness of a Binary Tree
154
Find Minimum in Rotated Sorted Array II
389
Find the Difference
176
Second Highest Salary
997
Find the Town Judge
807
Max Increase to Keep City Skyline
567
Permutation in String
240
Search a 2D Matrix II
204
Count Primes
65
Valid Number
141
Linked List Cycle
581
Shortest Unsorted Continuous Subarray
523
Continuous Subarray Sum
177
Nth Highest Salary
10
Regular Expression Matching
412
Fizz Buzz
202
Happy Number
94
Binary Tree Inorder Traversal
665
Non-decreasing Array
559
Maximum Depth of N-ary Tree
123
Best Time to Buy and Sell Stock III
226
Invert Binary Tree
143
Reorder List
701
Insert into a Binary Search Tree
108
Convert Sorted Array to Binary Search Tree
234
Palindrome Linked List
374
Guess Number Higher or Lower
290
Word Pattern
227
Basic Calculator II
415
Add Strings
24
Swap Nodes in Pairs
209
Minimum Size Subarray Sum
326
Power of Three
547
Friend Circles
700
Search in a Binary Search Tree
92
Reverse Linked List II
733
Flood Fill
96
Unique Binary Search Trees
113
Path Sum II
114
Flatten Binary Tree to Linked List
142
Linked List Cycle II
8
String to Integer (atoi)
680
Valid Palindrome II
136
Single Number
235
Lowest Common Ancestor of a Binary Search Tree
29
Divide Two Integers
144
Binary Tree Preorder Traversal
153
Find Minimum in Rotated Sorted Array
237
Delete Node in a Linked List
118
Pascal's Triangle
6
ZigZag Conversion
67
Add Binary
709
To Lower Case
938
Range Sum of BST
75
Sort Colors
102
Binary Tree Level Order Traversal
27
Remove Element
88
Merge Sorted Array
1108
Defanging an IP Address
13
Roman to Integer